<?xml version="1.0" encoding="UTF-8"?>
<!-- Generated by org.testng.reporters.JUnitXMLReporter -->
<testsuite hostname="Jaivir-Macbook.local" ignored="0" name="Method Test Cases" tests="3" failures="0" timestamp="17 Jul 2017 10:06:47 GMT" time="19.777" errors="0">
  <testcase name="testSearch" time="4.784" classname="com.crowdFireHomePageTest.HomePageTest"/>
  <testcase name="testFavoriteButton" time="7.199" classname="com.crowdFireHomePageTest.HomePageTest"/>
  <testcase name="testPluseButton" time="7.775" classname="com.crowdFireHomePageTest.HomePageTest"/>
</testsuite> <!-- Method Test Cases -->
