<?xml version="1.0" encoding="UTF-8"?>
<!-- Generated by org.testng.reporters.JUnitXMLReporter -->
<testsuite hostname="Jaivir-Macbook" ignored="0" name="testFavoritesButton" tests="2" failures="0" timestamp="16 Jul 2017 17:48:07 GMT" time="72.583" errors="0">
  <testcase name="testFavoriteButton" time="14.218" classname="com.crowdFireHomePageTest.HomePageTest"/>
  <testcase name="testSearch" time="4.382" classname="com.crowdFireHomePageTest.HomePageTest"/>
</testsuite> <!-- testFavoritesButton -->
