<?xml version="1.0" encoding="UTF-8"?>
<!-- Generated by org.testng.reporters.JUnitXMLReporter -->
<testsuite hostname="Jaivir-Macbook.local" ignored="0" name="Method Test Cases" tests="3" failures="0" timestamp="17 Jul 2017 07:52:47 GMT" time="21.273" errors="0">
  <testcase name="testSearch" time="4.684" classname="com.crowdFireHomePageTest.HomePageTest"/>
  <testcase name="testFavoriteButton" time="7.805" classname="com.crowdFireHomePageTest.HomePageTest"/>
  <testcase name="testPluseButton" time="8.763" classname="com.crowdFireHomePageTest.HomePageTest"/>
</testsuite> <!-- Method Test Cases -->
