<?xml version="1.0" encoding="UTF-8"?>
<testng-results skipped="0" failed="0" ignored="0" total="3" passed="3">
  <reporter-output>
  </reporter-output>
  <suite name="Test Suite" duration-ms="19777" started-at="2017-07-17T10:06:27Z" finished-at="2017-07-17T10:06:47Z">
    <groups>
    </groups>
    <test name="Method Test Cases" duration-ms="19777" started-at="2017-07-17T10:06:27Z" finished-at="2017-07-17T10:06:47Z">
      <class name="com.crowdFireHomePageTest.HomePageTest">
        <test-method status="PASS" signature="setUp()[pri:0, instance:com.crowdFireHomePageTest.HomePageTest@23ceabc1]" name="setUp" is-config="true" duration-ms="17997" started-at="2017-07-17T15:36:09Z" finished-at="2017-07-17T15:36:27Z">
          <reporter-output>
          </reporter-output>
        </test-method> <!-- setUp -->
        <test-method status="PASS" signature="testSearch()[pri:0, instance:com.crowdFireHomePageTest.HomePageTest@23ceabc1]" name="testSearch" duration-ms="4784" started-at="2017-07-17T15:36:27Z" finished-at="2017-07-17T15:36:32Z">
          <reporter-output>
          </reporter-output>
        </test-method> <!-- testSearch -->
        <test-method status="PASS" signature="testFavoriteButton()[pri:1, instance:com.crowdFireHomePageTest.HomePageTest@23ceabc1]" name="testFavoriteButton" duration-ms="7199" started-at="2017-07-17T15:36:32Z" finished-at="2017-07-17T15:36:39Z">
          <reporter-output>
          </reporter-output>
        </test-method> <!-- testFavoriteButton -->
        <test-method status="PASS" signature="testPluseButton()[pri:2, instance:com.crowdFireHomePageTest.HomePageTest@23ceabc1]" name="testPluseButton" duration-ms="7775" started-at="2017-07-17T15:36:39Z" finished-at="2017-07-17T15:36:47Z">
          <reporter-output>
          </reporter-output>
        </test-method> <!-- testPluseButton -->
        <test-method status="PASS" signature="teardown()[pri:0, instance:com.crowdFireHomePageTest.HomePageTest@23ceabc1]" name="teardown" is-config="true" duration-ms="2318" started-at="2017-07-17T15:36:47Z" finished-at="2017-07-17T15:36:49Z">
          <reporter-output>
          </reporter-output>
        </test-method> <!-- teardown -->
      </class> <!-- com.crowdFireHomePageTest.HomePageTest -->
    </test> <!-- Method Test Cases -->
  </suite> <!-- Test Suite -->
</testng-results>
